<?xml version="1.0" encoding="UTF-8"?>
<!-- Generated by org.testng.reporters.JUnitXMLReporter -->
<testsuite hostname="MehediAziz" ignored="0" name="Differnt testing Feature Test" tests="9" failures="1" timestamp="07 Feb 2019 07:16:55 GMT" time="33.384" errors="0">
  <testcase name="Test1" time="0.005" classname="TestNG.Features.ExceptionTimeOutTest"/>
  <testcase name="googleLogoTest" time="0.031" classname="TestNG.Features.GoogleTitleTest"/>
  <testcase name="googleTitleTest" time="0.005" classname="TestNG.Features.GoogleTitleTest">
    <failure type="java.lang.AssertionError" message="title is not matched expected [Google123] but found [Google]">
      <![CDATA[java.lang.AssertionError: title is not matched expected [Google123] but found [Google]
at TestNG.Features.GoogleTitleTest.googleTitleTest(GoogleTitleTest.java:31)
... Removed 30 stack frames]]>
    </failure>
  </testcase> <!-- googleTitleTest -->
  <testcase name="loginTest" time="0.001" classname="TestNG.Features.TestNGFeatures"/>
  <testcase name="sum" time="0.001" classname="TestNG.Features.InvocationCountTest"/>
  <testcase name="sum" time="0.0" classname="TestNG.Features.InvocationCountTest"/>
  <testcase name="sum" time="0.0" classname="TestNG.Features.InvocationCountTest"/>
  <testcase name="sum" time="0.0" classname="TestNG.Features.InvocationCountTest"/>
  <testcase name="sum" time="0.0" classname="TestNG.Features.InvocationCountTest"/>
</testsuite> <!-- Differnt testing Feature Test -->
